[13:37:35] [main/INFO] (FabricLoader/GameProvider) Loading Minecraft 1.19 with Fabric Loader 0.14.9
[13:37:35] [main/INFO] (FabricLoader) Loading 43 mods:
	- fabric 0.58.0+1.19
	- fabric-api-base 0.4.9+e62f51a3a9
	- fabric-api-lookup-api-v1 1.6.7+9ff28f40a9
	- fabric-biome-api-v1 9.0.14+b2a4a624a9
	- fabric-blockrenderlayer-v1 1.1.18+9ff28f40a9
	- fabric-command-api-v2 2.1.2+0d55f585a9
	- fabric-content-registries-v0 3.2.1+07df213ea9
	- fabric-convention-tags-v1 1.0.8+37622d24a9
	- fabric-crash-report-info-v1 0.2.3+bd0a0d4aa9
	- fabric-data-generation-api-v1 5.1.2+a680b9b4a9
	- fabric-dimensions-v1 2.1.28+a6d2f785a9
	- fabric-entity-events-v1 1.4.16+9ff28f40a9
	- fabric-events-interaction-v0 0.4.26+9ff28f40a9
	- fabric-game-rule-api-v1 1.0.19+18990361a9
	- fabric-gametest-api-v1 1.0.33+e62f51a3a9
	- fabric-item-api-v1 1.5.5+35a03c43a9
	- fabric-item-groups-v0 0.3.26+9ff28f40a9
	- fabric-key-binding-api-v1 1.0.18+9ff28f40a9
	- fabric-lifecycle-events-v1 2.1.0+33fbc738a9
	- fabric-loot-api-v2 1.1.1+03a4e568a9
	- fabric-message-api-v1 1.0.1+513f4a59a9
	- fabric-mining-level-api-v1 2.1.11+33fbc738a9
	- fabric-models-v0 0.3.15+9ff28f40a9
	- fabric-networking-api-v1 1.1.0+442de8b8a9
	- fabric-object-builder-api-v1 4.0.8+9ff28f40a9
	- fabric-particles-v1 1.0.8+dc39553aa9
	- fabric-registry-sync-v0 0.9.18+23c4cfefa9
	- fabric-renderer-api-v1 1.0.8+9ff28f40a9
	- fabric-renderer-indigo 0.6.10+5187d39fa9
	- fabric-rendering-data-attachment-v1 0.3.12+9ff28f40a9
	- fabric-rendering-fluids-v1 3.0.5+9ff28f40a9
	- fabric-rendering-v1 1.10.14+9ff28f40a9
	- fabric-resource-conditions-api-v1 2.0.9+e62f51a3a9
	- fabric-resource-loader-v0 0.5.6+5f1a85e0a9
	- fabric-screen-api-v1 1.0.24+f05effafa9
	- fabric-screen-handler-api-v1 1.2.7+9ff28f40a9
	- fabric-textures-v0 1.0.18+9ff28f40a9
	- fabric-transfer-api-v1 2.0.9+e62f51a3a9
	- fabric-transitive-access-wideners-v1 1.1.1+9e7660c6a9
	- fabricloader 0.14.9
	- java 17
	- minecraft 1.19
	- odk 1.2
[13:37:36] [main/INFO] (FabricLoader/Mixin) SpongePowered MIXIN Subsystem Version=0.8.5 Source=file:/C:/Users/19426/.gradle/caches/modules-2/files-2.1/net.fabricmc/sponge-mixin/0.11.4+mixin.0.8.5/c1dc27696aa4006e492c2485c9ccbcb26045a971/sponge-mixin-0.11.4+mixin.0.8.5.jar Service=Knot/Fabric Env=CLIENT
[13:37:36] [main/INFO] (FabricLoader/Mixin) Loaded Fabric development mappings for mixin remapper!
[13:37:36] [main/INFO] (FabricLoader/Mixin) Compatibility level set to JAVA_16
[13:37:36] [main/INFO] (FabricLoader/Mixin) Compatibility level set to JAVA_17
[13:37:37] [main/WARN] (FileUtil) Configuration conflict: there is more than one oshi.properties file on the classpath
[13:37:38] [main/WARN] (FileUtil) Configuration conflict: there is more than one oshi.architecture.properties file on the classpath
[13:37:41] [main/INFO] (Minecraft) Building optimized datafixer
[13:37:49] [Render thread/INFO] (Minecraft) Environment: authHost='https://authserver.mojang.com', accountsHost='https://api.mojang.com', sessionHost='https://sessionserver.mojang.com', servicesHost='https://api.minecraftservices.com', name='PROD'
[13:37:51] [Worker-Bootstrap-16/INFO] (Minecraft) 4256 Datafixer optimizations took 9651 milliseconds
[13:37:51] [Render thread/ERROR] (fabric-screen-api-v1) Failed to verify authentication
com.mojang.authlib.exceptions.InvalidCredentialsException: Status: 401
	at com.mojang.authlib.exceptions.MinecraftClientHttpException.toAuthenticationException(MinecraftClientHttpException.java:56) ~[authlib-3.5.41.jar:?]
	at com.mojang.authlib.yggdrasil.YggdrasilUserApiService.fetchProperties(YggdrasilUserApiService.java:140) ~[authlib-3.5.41.jar:?]
	at com.mojang.authlib.yggdrasil.YggdrasilUserApiService.<init>(YggdrasilUserApiService.java:47) ~[authlib-3.5.41.jar:?]
	at com.mojang.authlib.yggdrasil.YggdrasilAuthenticationService.createUserApiService(YggdrasilAuthenticationService.java:158) ~[authlib-3.5.41.jar:?]
	at net.minecraft.client.MinecraftClient.createUserApiService(MinecraftClient.java:671) [minecraft-merged-project-root-1.19-net.fabricmc.yarn.1_19.1.19+build.4-v2.jar:?]
	at net.minecraft.client.MinecraftClient.<init>(MinecraftClient.java:489) [minecraft-merged-project-root-1.19-net.fabricmc.yarn.1_19.1.19+build.4-v2.jar:?]
	at net.minecraft.client.main.Main.main(Main.java:178) [minecraft-merged-project-root-1.19-net.fabricmc.yarn.1_19.1.19+build.4-v2.jar:?]
	at net.fabricmc.loader.impl.game.minecraft.MinecraftGameProvider.launch(MinecraftGameProvider.java:461) [fabric-loader-0.14.9.jar:?]
	at net.fabricmc.loader.impl.launch.knot.Knot.launch(Knot.java:74) [fabric-loader-0.14.9.jar:?]
	at net.fabricmc.loader.impl.launch.knot.KnotClient.main(KnotClient.java:23) [fabric-loader-0.14.9.jar:?]
	at net.fabricmc.devlaunchinjector.Main.main(Main.java:86) [dev-launch-injector-0.2.1+build.8.jar:?]
Caused by: com.mojang.authlib.exceptions.MinecraftClientHttpException: Status: 401
	at com.mojang.authlib.minecraft.client.MinecraftClient.readInputStream(MinecraftClient.java:85) ~[authlib-3.5.41.jar:?]
	at com.mojang.authlib.minecraft.client.MinecraftClient.get(MinecraftClient.java:48) ~[authlib-3.5.41.jar:?]
	at com.mojang.authlib.yggdrasil.YggdrasilUserApiService.fetchProperties(YggdrasilUserApiService.java:121) ~[authlib-3.5.41.jar:?]
	... 9 more
[13:37:51] [Render thread/INFO] (fabric-screen-api-v1) Setting user: Player720
[13:37:52] [Render thread/INFO] (Indigo) [Indigo] Registering Indigo renderer!
[13:37:52] [Render thread/INFO] (fabric-screen-api-v1) Backend library: LWJGL version 3.3.1 SNAPSHOT
[13:37:53] [Worker-Main-32/ERROR] (Minecraft) Failed to retrieve profile key pair
java.io.IOException: Could not retrieve profile key pair
	at net.minecraft.client.util.ProfileKeys.fetchKeyPair(ProfileKeys.java:159) ~[minecraft-merged-project-root-1.19-net.fabricmc.yarn.1_19.1.19+build.4-v2.jar:?]
	at net.minecraft.client.util.ProfileKeys.method_44291(ProfileKeys.java:68) ~[minecraft-merged-project-root-1.19-net.fabricmc.yarn.1_19.1.19+build.4-v2.jar:?]
	at java.util.concurrent.CompletableFuture$AsyncSupply.run(CompletableFuture.java:1768) [?:?]
	at java.util.concurrent.CompletableFuture$AsyncSupply.exec(CompletableFuture.java:1760) [?:?]
	at java.util.concurrent.ForkJoinTask.doExec(ForkJoinTask.java:373) [?:?]
	at java.util.concurrent.ForkJoinPool$WorkQueue.topLevelExec(ForkJoinPool.java:1182) [?:?]
	at java.util.concurrent.ForkJoinPool.scan(ForkJoinPool.java:1655) [?:?]
	at java.util.concurrent.ForkJoinPool.runWorker(ForkJoinPool.java:1622) [?:?]
	at java.util.concurrent.ForkJoinWorkerThread.run(ForkJoinWorkerThread.java:165) [?:?]
[13:37:54] [Render thread/INFO] (Minecraft) Reloading ResourceManager: Default, Fabric Mods (Fabric Mining Level API (v1), Fabric Loot API (v2), Fabric Screen API (v1), Fabric API Base, Fabric Textures (v0), Fabric Resource Conditions API (v1), Fabric Screen Handler API (v1), Fabric Message API (v1), Fabric Particles (v1), Fabric Loader, Fabric Lifecycle Events (v1), Fabric API, Fabric Crash Report Info (v1), Fabric API Lookup API (v1), Fabric Renderer API (v1), Fabric Rendering Fluids (v1), Fabric Transfer API (v1), Fabric Data Generation API (v1), Fabric Key Binding API (v1), Fabric Events Interaction (v0), Fabric Game Test API (v1), Fabric Resource Loader (v0), Fabric Renderer - Indigo, Fabric Item API (v1), Fabric Object Builder API (v1), Fabric Registry Sync (v0), Fabric Convention Tags, Fabric Content Registries (v0), Fabric Networking API (v1), Fabric Rendering (v1), Fabric Models (v0), Fabric Rendering Data Attachment (v1), OKare Development Kit, Fabric Entity Events (v1), Fabric Dimensions API (v1), Fabric Transitive Access Wideners (v1), Fabric BlockRenderLayer Registration (v1), Fabric Command API (v2), Fabric Biome API (v1), Fabric Item Groups (v0), Fabric Game Rule API (v1))
[13:37:54] [Realms Notification Availability checker #1/INFO] (Minecraft) Could not authorize you against Realms server: Invalid session id
[13:37:54] [Render thread/WARN] (Minecraft) Missing sound for event: minecraft:item.goat_horn.play
[13:37:54] [Render thread/WARN] (Minecraft) Missing sound for event: minecraft:entity.goat.screaming.horn_break
[13:37:55] [Render thread/INFO] (Minecraft) OpenAL initialized on device OpenAL Soft on 扬声器 (Realtek(R) Audio)
[13:37:55] [Render thread/INFO] (Minecraft) Sound engine started
[13:37:55] [Render thread/INFO] (Minecraft) Created: 1024x1024x4 minecraft:textures/atlas/blocks.png-atlas
[13:37:55] [Render thread/INFO] (Minecraft) Created: 256x128x4 minecraft:textures/atlas/signs.png-atlas
[13:37:55] [Render thread/INFO] (Minecraft) Created: 1024x512x4 minecraft:textures/atlas/banner_patterns.png-atlas
[13:37:55] [Render thread/INFO] (Minecraft) Created: 1024x512x4 minecraft:textures/atlas/shield_patterns.png-atlas
[13:37:55] [Render thread/INFO] (Minecraft) Created: 256x256x4 minecraft:textures/atlas/chest.png-atlas
[13:37:55] [Render thread/INFO] (Minecraft) Created: 512x256x4 minecraft:textures/atlas/beds.png-atlas
[13:37:55] [Render thread/INFO] (Minecraft) Created: 512x256x4 minecraft:textures/atlas/shulker_boxes.png-atlas
[13:37:56] [Render thread/WARN] (Minecraft) Shader rendertype_entity_translucent_emissive could not find sampler named Sampler2 in the specified shader program.
[13:37:56] [Render thread/INFO] (Minecraft) Created: 512x256x0 minecraft:textures/atlas/particles.png-atlas
[13:37:56] [Render thread/INFO] (Minecraft) Created: 256x256x0 minecraft:textures/atlas/paintings.png-atlas
[13:37:56] [Render thread/INFO] (Minecraft) Created: 256x128x0 minecraft:textures/atlas/mob_effects.png-atlas
[13:38:23] [Render thread/INFO] (Minecraft) Loaded 7 recipes
[13:38:23] [Render thread/INFO] (Minecraft) Loaded 1179 advancements
[13:38:24] [Render thread/INFO] (BiomeModificationImpl) Applied 0 biome modifications to 0 of 63 new biomes in 3.476 ms
[13:38:24] [Server thread/INFO] (Minecraft) Starting integrated minecraft server version 1.19
[13:38:24] [Server thread/INFO] (Minecraft) Generating keypair
[13:38:24] [Server thread/INFO] (Minecraft) Preparing start region for dimension minecraft:overworld
[13:38:25] [Render thread/INFO] (Minecraft) 准备生成区域中：0%
[13:38:25] [Render thread/INFO] (Minecraft) 准备生成区域中：0%
[13:38:25] [Render thread/INFO] (Minecraft) 准备生成区域中：0%
[13:38:26] [Render thread/INFO] (Minecraft) 准备生成区域中：83%
[13:38:26] [Render thread/INFO] (Minecraft) Time elapsed: 1613 ms
[13:38:26] [Server thread/INFO] (Minecraft) Changing view distance to 12, from 10
[13:38:26] [Server thread/INFO] (Minecraft) Changing simulation distance to 12, from 0
[13:38:27] [Server thread/INFO] (Minecraft) Player720[local:E:0fb84e34] logged in with entity id 16 at (9.128208882962793, -60.0, 14.703294138322759)
[13:38:27] [Server thread/INFO] (Minecraft) Player720加入了游戏
[13:38:28] [Render thread/INFO] (Minecraft) Loaded 26 advancements
[13:38:30] [Server thread/INFO] (Minecraft) Saving and pausing game...
[13:38:30] [Server thread/INFO] (Minecraft) Saving chunks for level 'ServerLevel[test]'/minecraft:overworld
[13:38:30] [Server thread/INFO] (Minecraft) Saving chunks for level 'ServerLevel[test]'/minecraft:the_end
[13:38:30] [Server thread/INFO] (Minecraft) Saving chunks for level 'ServerLevel[test]'/minecraft:the_nether
[13:38:47] [Server thread/INFO] (Minecraft) Saving and pausing game...
[13:38:47] [Server thread/INFO] (Minecraft) Saving chunks for level 'ServerLevel[test]'/minecraft:overworld
[13:38:47] [Server thread/INFO] (Minecraft) Saving chunks for level 'ServerLevel[test]'/minecraft:the_end
[13:38:47] [Server thread/INFO] (Minecraft) Saving chunks for level 'ServerLevel[test]'/minecraft:the_nether
[13:38:54] [Render thread/INFO] (Minecraft) [CHAT] ODKPOS (11, -60, 13)
[13:39:01] [Render thread/INFO] (Minecraft) [CHAT] Port t was created.
[13:39:09] [Render thread/INFO] (Minecraft) [CHAT] You've been teleported to (11, -60, 13)
[13:39:26] [Server thread/INFO] (Minecraft) Saving and pausing game...
[13:39:26] [Server thread/INFO] (Minecraft) Saving chunks for level 'ServerLevel[test]'/minecraft:overworld
[13:39:26] [Server thread/INFO] (Minecraft) Saving chunks for level 'ServerLevel[test]'/minecraft:the_end
[13:39:26] [Server thread/INFO] (Minecraft) Saving chunks for level 'ServerLevel[test]'/minecraft:the_nether
[13:39:37] [Render thread/INFO] (Minecraft) [CHAT] Port list:
[13:39:37] [Render thread/INFO] (Minecraft) [CHAT]   t
[13:40:03] [Render thread/INFO] (Minecraft) [CHAT] You've been teleported to (11, -60, 13)
[13:40:16] [Server thread/INFO] (Minecraft) Saving and pausing game...
[13:40:16] [Server thread/INFO] (Minecraft) Saving chunks for level 'ServerLevel[test]'/minecraft:overworld
[13:40:16] [Server thread/INFO] (Minecraft) Saving chunks for level 'ServerLevel[test]'/minecraft:the_end
[13:40:16] [Server thread/INFO] (Minecraft) Saving chunks for level 'ServerLevel[test]'/minecraft:the_nether
[13:40:17] [Server thread/INFO] (Minecraft) Player720 lost connection: 连接中断
[13:40:17] [Server thread/INFO] (Minecraft) Player720退出了游戏
[13:40:17] [Server thread/INFO] (Minecraft) Stopping singleplayer server as player logged out
[13:40:17] [Server thread/INFO] (Minecraft) Stopping server
[13:40:17] [Server thread/INFO] (Minecraft) Saving players
[13:40:17] [Server thread/INFO] (Minecraft) Saving worlds
[13:40:17] [Server thread/INFO] (Minecraft) Saving chunks for level 'ServerLevel[test]'/minecraft:overworld
[13:40:17] [Server thread/INFO] (Minecraft) Saving chunks for level 'ServerLevel[test]'/minecraft:the_end
[13:40:17] [Server thread/INFO] (Minecraft) Saving chunks for level 'ServerLevel[test]'/minecraft:the_nether
[13:40:17] [Server thread/INFO] (Minecraft) ThreadedAnvilChunkStorage (test): All chunks are saved
[13:40:17] [Server thread/INFO] (Minecraft) ThreadedAnvilChunkStorage (DIM1): All chunks are saved
[13:40:17] [Server thread/INFO] (Minecraft) ThreadedAnvilChunkStorage (DIM-1): All chunks are saved
[13:40:17] [Server thread/INFO] (Minecraft) ThreadedAnvilChunkStorage: All dimensions are saved
[13:40:18] [Render thread/INFO] (fabric-screen-api-v1) Stopping!
